<?xml version="1.0" encoding="UTF-8"?>
<testsuite xmlns:xsi="http://www.w3.org/2001/XMLSchema-instance" xsi:noNamespaceSchemaLocation="https://maven.apache.org/surefire/maven-surefire-plugin/xsd/surefire-test-report.xsd" name="ThreadTest" time="0" tests="0" errors="0" skipped="0" failures="0">
  <properties>
    <property name="sun.desktop" value="windows"/>
    <property name="awt.toolkit" value="sun.awt.windows.WToolkit"/>
    <property name="file.encoding.pkg" value="sun.io"/>
    <property name="java.specification.version" value="1.8"/>
    <property name="sun.cpu.isalist" value="amd64"/>
    <property name="sun.jnu.encoding" value="GBK"/>
    <property name="java.class.path" value="F:\code\example\target\test-classes;F:\code\example\target\classes;F:\source\m2\repository_wayz\org\springframework\boot\spring-boot-starter-web\2.3.3.RELEASE\spring-boot-starter-web-2.3.3.RELEASE.jar;F:\source\m2\repository_wayz\org\springframework\boot\spring-boot-starter\2.3.3.RELEASE\spring-boot-starter-2.3.3.RELEASE.jar;F:\source\m2\repository_wayz\org\springframework\boot\spring-boot\2.3.3.RELEASE\spring-boot-2.3.3.RELEASE.jar;F:\source\m2\repository_wayz\org\springframework\boot\spring-boot-autoconfigure\2.3.3.RELEASE\spring-boot-autoconfigure-2.3.3.RELEASE.jar;F:\source\m2\repository_wayz\org\springframework\boot\spring-boot-starter-logging\2.3.3.RELEASE\spring-boot-starter-logging-2.3.3.RELEASE.jar;F:\source\m2\repository_wayz\ch\qos\logback\logback-classic\1.2.3\logback-classic-1.2.3.jar;F:\source\m2\repository_wayz\ch\qos\logback\logback-core\1.2.3\logback-core-1.2.3.jar;F:\source\m2\repository_wayz\org\slf4j\slf4j-api\1.7.30\slf4j-api-1.7.30.jar;F:\source\m2\repository_wayz\org\apache\logging\log4j\log4j-to-slf4j\2.13.3\log4j-to-slf4j-2.13.3.jar;F:\source\m2\repository_wayz\org\apache\logging\log4j\log4j-api\2.13.3\log4j-api-2.13.3.jar;F:\source\m2\repository_wayz\org\slf4j\jul-to-slf4j\1.7.30\jul-to-slf4j-1.7.30.jar;F:\source\m2\repository_wayz\jakarta\annotation\jakarta.annotation-api\1.3.5\jakarta.annotation-api-1.3.5.jar;F:\source\m2\repository_wayz\org\springframework\spring-core\5.2.8.RELEASE\spring-core-5.2.8.RELEASE.jar;F:\source\m2\repository_wayz\org\springframework\spring-jcl\5.2.8.RELEASE\spring-jcl-5.2.8.RELEASE.jar;F:\source\m2\repository_wayz\org\yaml\snakeyaml\1.26\snakeyaml-1.26.jar;F:\source\m2\repository_wayz\org\springframework\boot\spring-boot-starter-json\2.3.3.RELEASE\spring-boot-starter-json-2.3.3.RELEASE.jar;F:\source\m2\repository_wayz\com\fasterxml\jackson\core\jackson-databind\2.11.2\jackson-databind-2.11.2.jar;F:\source\m2\repository_wayz\com\fasterxml\jackson\core\jackson-annotations\2.11.2\jackson-annotations-2.11.2.jar;F:\source\m2\repository_wayz\com\fasterxml\jackson\core\jackson-core\2.11.2\jackson-core-2.11.2.jar;F:\source\m2\repository_wayz\com\fasterxml\jackson\datatype\jackson-datatype-jdk8\2.11.2\jackson-datatype-jdk8-2.11.2.jar;F:\source\m2\repository_wayz\com\fasterxml\jackson\datatype\jackson-datatype-jsr310\2.11.2\jackson-datatype-jsr310-2.11.2.jar;F:\source\m2\repository_wayz\com\fasterxml\jackson\module\jackson-module-parameter-names\2.11.2\jackson-module-parameter-names-2.11.2.jar;F:\source\m2\repository_wayz\org\springframework\boot\spring-boot-starter-tomcat\2.3.3.RELEASE\spring-boot-starter-tomcat-2.3.3.RELEASE.jar;F:\source\m2\repository_wayz\org\apache\tomcat\embed\tomcat-embed-core\9.0.37\tomcat-embed-core-9.0.37.jar;F:\source\m2\repository_wayz\org\glassfish\jakarta.el\3.0.3\jakarta.el-3.0.3.jar;F:\source\m2\repository_wayz\org\apache\tomcat\embed\tomcat-embed-websocket\9.0.37\tomcat-embed-websocket-9.0.37.jar;F:\source\m2\repository_wayz\org\springframework\spring-web\5.2.8.RELEASE\spring-web-5.2.8.RELEASE.jar;F:\source\m2\repository_wayz\org\springframework\spring-beans\5.2.8.RELEASE\spring-beans-5.2.8.RELEASE.jar;F:\source\m2\repository_wayz\org\springframework\spring-webmvc\5.2.8.RELEASE\spring-webmvc-5.2.8.RELEASE.jar;F:\source\m2\repository_wayz\org\springframework\spring-aop\5.2.8.RELEASE\spring-aop-5.2.8.RELEASE.jar;F:\source\m2\repository_wayz\org\springframework\spring-context\5.2.8.RELEASE\spring-context-5.2.8.RELEASE.jar;F:\source\m2\repository_wayz\org\springframework\spring-expression\5.2.8.RELEASE\spring-expression-5.2.8.RELEASE.jar;"/>
    <property name="java.vm.vendor" value="Oracle Corporation"/>
    <property name="sun.arch.data.model" value="64"/>
    <property name="user.variant" value=""/>
    <property name="java.vendor.url" value="http://java.oracle.com/"/>
    <property name="user.timezone" value="GMT+08:00"/>
    <property name="user.country.format" value="US"/>
    <property name="java.vm.specification.version" value="1.8"/>
    <property name="os.name" value="Windows 10"/>
    <property name="user.country" value="CN"/>
    <property name="sun.java.launcher" value="SUN_STANDARD"/>
    <property name="sun.boot.library.path" value="C:\Program Files\Java\jdk-1.8\jre\bin"/>
    <property name="sun.java.command" value="C:\Users\HP\AppData\Local\Temp\surefire5686728110486253961\surefirebooter7265682274146712367.jar C:\Users\HP\AppData\Local\Temp\surefire5686728110486253961 2024-05-20T11-11-05_177-jvmRun1 surefire533723142405282092tmp surefire_08371562806056333652tmp"/>
    <property name="surefire.test.class.path" value="F:\code\example\target\test-classes;F:\code\example\target\classes;F:\source\m2\repository_wayz\org\springframework\boot\spring-boot-starter-web\2.3.3.RELEASE\spring-boot-starter-web-2.3.3.RELEASE.jar;F:\source\m2\repository_wayz\org\springframework\boot\spring-boot-starter\2.3.3.RELEASE\spring-boot-starter-2.3.3.RELEASE.jar;F:\source\m2\repository_wayz\org\springframework\boot\spring-boot\2.3.3.RELEASE\spring-boot-2.3.3.RELEASE.jar;F:\source\m2\repository_wayz\org\springframework\boot\spring-boot-autoconfigure\2.3.3.RELEASE\spring-boot-autoconfigure-2.3.3.RELEASE.jar;F:\source\m2\repository_wayz\org\springframework\boot\spring-boot-starter-logging\2.3.3.RELEASE\spring-boot-starter-logging-2.3.3.RELEASE.jar;F:\source\m2\repository_wayz\ch\qos\logback\logback-classic\1.2.3\logback-classic-1.2.3.jar;F:\source\m2\repository_wayz\ch\qos\logback\logback-core\1.2.3\logback-core-1.2.3.jar;F:\source\m2\repository_wayz\org\slf4j\slf4j-api\1.7.30\slf4j-api-1.7.30.jar;F:\source\m2\repository_wayz\org\apache\logging\log4j\log4j-to-slf4j\2.13.3\log4j-to-slf4j-2.13.3.jar;F:\source\m2\repository_wayz\org\apache\logging\log4j\log4j-api\2.13.3\log4j-api-2.13.3.jar;F:\source\m2\repository_wayz\org\slf4j\jul-to-slf4j\1.7.30\jul-to-slf4j-1.7.30.jar;F:\source\m2\repository_wayz\jakarta\annotation\jakarta.annotation-api\1.3.5\jakarta.annotation-api-1.3.5.jar;F:\source\m2\repository_wayz\org\springframework\spring-core\5.2.8.RELEASE\spring-core-5.2.8.RELEASE.jar;F:\source\m2\repository_wayz\org\springframework\spring-jcl\5.2.8.RELEASE\spring-jcl-5.2.8.RELEASE.jar;F:\source\m2\repository_wayz\org\yaml\snakeyaml\1.26\snakeyaml-1.26.jar;F:\source\m2\repository_wayz\org\springframework\boot\spring-boot-starter-json\2.3.3.RELEASE\spring-boot-starter-json-2.3.3.RELEASE.jar;F:\source\m2\repository_wayz\com\fasterxml\jackson\core\jackson-databind\2.11.2\jackson-databind-2.11.2.jar;F:\source\m2\repository_wayz\com\fasterxml\jackson\core\jackson-annotations\2.11.2\jackson-annotations-2.11.2.jar;F:\source\m2\repository_wayz\com\fasterxml\jackson\core\jackson-core\2.11.2\jackson-core-2.11.2.jar;F:\source\m2\repository_wayz\com\fasterxml\jackson\datatype\jackson-datatype-jdk8\2.11.2\jackson-datatype-jdk8-2.11.2.jar;F:\source\m2\repository_wayz\com\fasterxml\jackson\datatype\jackson-datatype-jsr310\2.11.2\jackson-datatype-jsr310-2.11.2.jar;F:\source\m2\repository_wayz\com\fasterxml\jackson\module\jackson-module-parameter-names\2.11.2\jackson-module-parameter-names-2.11.2.jar;F:\source\m2\repository_wayz\org\springframework\boot\spring-boot-starter-tomcat\2.3.3.RELEASE\spring-boot-starter-tomcat-2.3.3.RELEASE.jar;F:\source\m2\repository_wayz\org\apache\tomcat\embed\tomcat-embed-core\9.0.37\tomcat-embed-core-9.0.37.jar;F:\source\m2\repository_wayz\org\glassfish\jakarta.el\3.0.3\jakarta.el-3.0.3.jar;F:\source\m2\repository_wayz\org\apache\tomcat\embed\tomcat-embed-websocket\9.0.37\tomcat-embed-websocket-9.0.37.jar;F:\source\m2\repository_wayz\org\springframework\spring-web\5.2.8.RELEASE\spring-web-5.2.8.RELEASE.jar;F:\source\m2\repository_wayz\org\springframework\spring-beans\5.2.8.RELEASE\spring-beans-5.2.8.RELEASE.jar;F:\source\m2\repository_wayz\org\springframework\spring-webmvc\5.2.8.RELEASE\spring-webmvc-5.2.8.RELEASE.jar;F:\source\m2\repository_wayz\org\springframework\spring-aop\5.2.8.RELEASE\spring-aop-5.2.8.RELEASE.jar;F:\source\m2\repository_wayz\org\springframework\spring-context\5.2.8.RELEASE\spring-context-5.2.8.RELEASE.jar;F:\source\m2\repository_wayz\org\springframework\spring-expression\5.2.8.RELEASE\spring-expression-5.2.8.RELEASE.jar;"/>
    <property name="sun.cpu.endian" value="little"/>
    <property name="user.home" value="C:\Users\HP"/>
    <property name="user.language" value="zh"/>
    <property name="java.specification.vendor" value="Oracle Corporation"/>
    <property name="java.home" value="C:\Program Files\Java\jdk-1.8\jre"/>
    <property name="basedir" value="F:\code\example"/>
    <property name="file.separator" value="\"/>
    <property name="line.separator" value="&#10;"/>
    <property name="java.vm.specification.vendor" value="Oracle Corporation"/>
    <property name="java.specification.name" value="Java Platform API Specification"/>
    <property name="java.awt.graphicsenv" value="sun.awt.Win32GraphicsEnvironment"/>
    <property name="surefire.real.class.path" value="C:\Users\HP\AppData\Local\Temp\surefire5686728110486253961\surefirebooter7265682274146712367.jar"/>
    <property name="sun.boot.class.path" value="C:\Program Files\Java\jdk-1.8\jre\lib\resources.jar;C:\Program Files\Java\jdk-1.8\jre\lib\rt.jar;C:\Program Files\Java\jdk-1.8\jre\lib\jsse.jar;C:\Program Files\Java\jdk-1.8\jre\lib\jce.jar;C:\Program Files\Java\jdk-1.8\jre\lib\charsets.jar;C:\Program Files\Java\jdk-1.8\jre\lib\jfr.jar;C:\Program Files\Java\jdk-1.8\jre\classes"/>
    <property name="user.script" value=""/>
    <property name="sun.management.compiler" value="HotSpot 64-Bit Tiered Compilers"/>
    <property name="java.runtime.version" value="1.8.0_371-b11"/>
    <property name="user.name" value="HP"/>
    <property name="path.separator" value=";"/>
    <property name="os.version" value="10.0"/>
    <property name="java.endorsed.dirs" value="C:\Program Files\Java\jdk-1.8\jre\lib\endorsed"/>
    <property name="java.runtime.name" value="Java(TM) SE Runtime Environment"/>
    <property name="file.encoding" value="GBK"/>
    <property name="java.vm.name" value="Java HotSpot(TM) 64-Bit Server VM"/>
    <property name="localRepository" value="F:\source\m2\repository_wayz"/>
    <property name="java.vendor.url.bug" value="http://bugreport.sun.com/bugreport/"/>
    <property name="java.io.tmpdir" value="C:\Users\HP\AppData\Local\Temp\"/>
    <property name="idea.version" value="2020.3.1"/>
    <property name="java.version" value="1.8.0_371"/>
    <property name="user.dir" value="F:\code\example"/>
    <property name="os.arch" value="amd64"/>
    <property name="java.vm.specification.name" value="Java Virtual Machine Specification"/>
    <property name="java.awt.printerjob" value="sun.awt.windows.WPrinterJob"/>
    <property name="user.language.format" value="en"/>
    <property name="sun.os.patch.level" value=""/>
    <property name="java.library.path" value="C:\Program Files\Java\jdk-1.8\jre\bin;C:\WINDOWS\Sun\Java\bin;C:\WINDOWS\system32;C:\WINDOWS;C:\Program Files (x86)\Common Files\Oracle\Java\javapath;C:\Python311\Scripts\;C:\Python311\;F:\soft\TongLinkQ\TLQCli8.1\bin;F:\soft\TongLinkQ\TLQCli8.1\samples\bin;F:\soft\TongLinkQ\TLQCli8\bin;F:\soft\TongLinkQ\TLQCli8\samples\bin;F:\soft\TongLinkQ\TLQ8\bin;F:\soft\TongLinkQ\TLQ8\samples\bin;C:\Python310\Scripts\;C:\Python310\;C:\Python39\Scripts\;C:\Python39\;F:\soft\Xshell 6\;F:\oracle\product\11.2.0\dbhome_1\bin;C:\ProgramData\Oracle\Java\javapath;C:\Program Files (x86)\Intel\iCLS Client\;C:\Program Files\Intel\iCLS Client\;C:\windows\system32;C:\windows;C:\windows\System32\Wbem;C:\windows\System32\WindowsPowerShell\v1.0\;C:\Program Files (x86)\Intel\Intel(R) Management Engine Components\DAL;C:\Program Files\Intel\Intel(R) Management Engine Components\DAL;C:\Program Files (x86)\Intel\Intel(R) Management Engine Components\IPT;C:\Program Files\Intel\Intel(R) Management Engine Components\IPT;C:\Program Files (x86)\NVIDIA Corporation\PhysX\Common;F:\Redis\;C:\WINDOWS\system32;C:\WINDOWS;C:\WINDOWS\System32\Wbem;C:\WINDOWS\System32\WindowsPowerShell\v1.0\;C:\WINDOWS\System32\OpenSSH\;F:\mysql-5.7.26-winx64\bin;F:\nvm;F:\node\nodejs;F:\PDQ Inventory\;F:\VisualSVN Server\bin;F:\apache-ant-1.9.14-bin\apache-ant-1.9.14\bin;F:\Python\Python37-32;C:\Program Files\Intel\WiFi\bin\;C:\Program Files\Common Files\Intel\WirelessCommon\;F:\svnclient\bin;D:\gradle-6.8\bin;F:\ffmpeg\ffmpeg-4.3.1-win64-static\ffmpeg-4.3.1-win64-static\bin;F:\Go\bin;D:\gradle-6.8\bin;F:\apache-maven-3.6.3\bin;F:\soft\PostgreSQL\10\bin;C:\ProgramData\DockerDesktop\version-bin;F:\soft\php\php-7.4.22-nts-Win32-vc15-x64;C:\ProgramData\ComposerSetup\bin;C:\ProgramData\chocolatey\bin;F:\soft\TongLinkQ\TLQ8\bin;F:\Program Files\Erlang OTP\bin;F:\Program Files\CodeBlocks\MinGW\bin;C:\Program Files\GitHub CLI\;D:\Program Files\Git\cmd;C:\Program Files\Java\jdk-1.8\bin;F:\soft\wechat\微信web开发者工具\dll;F:\soft\xshell\;F:\soft\xftp\;F:\Program Files\nodejs\;C:\Program Files\Docker\Docker\resources\bin;C:\Users\HP\.cargo\bin;C:\Users\HP\AppData\Local\Microsoft\WindowsApps;F:\nvm;F:\node\nodejs;F:\soft\PyCharm\bin;;C:\Users\HP\go\bin;F:\vs_code\Microsoft VS Code\bin;C:\Users\HP\AppData\Roaming\Composer\vendor\bin;F:\soft\idea2020\idea2020\IntelliJ IDEA 2020.3.1\bin;;D:\Program Files (x86)\Tencent\QQGameTempest\Hall.57734\;C:\Users\HP\AppData\Local\GitHubDesktop\bin;F:\soft\PyCharmProfessional\bin;;C:\Users\HP\AppData\Roaming\npm;."/>
    <property name="java.vm.info" value="mixed mode"/>
    <property name="java.vendor" value="Oracle Corporation"/>
    <property name="java.vm.version" value="25.371-b11"/>
    <property name="java.specification.maintenance.version" value="4"/>
    <property name="java.ext.dirs" value="C:\Program Files\Java\jdk-1.8\jre\lib\ext;C:\WINDOWS\Sun\Java\lib\ext"/>
    <property name="sun.io.unicode.encoding" value="UnicodeLittle"/>
    <property name="java.class.version" value="52.0"/>
  </properties>
</testsuite>